<?xml version="1.0" encoding="UTF-8"?>
<!-- Generated by org.testng.reporters.JUnitReportReporter -->
<testsuite skipped="5" hostname="rohan" name="com.sultan.qa.testcases.LoginPageTest" tests="6" failures="0" timestamp="27 Feb 2020 09:53:42 GMT" time="17.570" errors="0">
  <testcase name="sultanLogoImageTest" time="17.570" classname="com.sultan.qa.testcases.LoginPageTest"/>
  <testcase name="loginTest" classname="com.sultan.qa.testcases.LoginPageTest">
    <skipped/>
  </testcase> <!-- loginTest -->
  <testcase name="SocialIconsCountTest" classname="com.sultan.qa.testcases.LoginPageTest">
    <skipped/>
  </testcase> <!-- SocialIconsCountTest -->
  <testcase name="fgtPwdLinkTest" classname="com.sultan.qa.testcases.LoginPageTest">
    <skipped/>
  </testcase> <!-- fgtPwdLinkTest -->
  <testcase name="footerLinksCountTest" classname="com.sultan.qa.testcases.LoginPageTest">
    <skipped/>
  </testcase> <!-- footerLinksCountTest -->
  <testcase name="loginPageTitleTest" classname="com.sultan.qa.testcases.LoginPageTest">
    <skipped/>
  </testcase> <!-- loginPageTitleTest -->
</testsuite> <!-- com.sultan.qa.testcases.LoginPageTest -->
