<?xml version="1.0" encoding="UTF-8"?>
<!-- Generated by org.testng.reporters.JUnitReportReporter -->
<testsuite hostname="rohan" name="com.sultan.qa.testcases.MiniCartPageTest" tests="1" failures="0" timestamp="20 Nov 2019 12:28:16 GMT" time="53.103" errors="0">
  <testcase name="removeItemTest" time="53.103" classname="com.sultan.qa.testcases.MiniCartPageTest"/>
</testsuite> <!-- com.sultan.qa.testcases.MiniCartPageTest -->
