<?xml version="1.0" encoding="UTF-8"?>
<!-- Generated by org.testng.reporters.JUnitReportReporter -->
<testsuite skipped="1" hostname="rohan" name="com.sultan.qa.testcases.SmokeTest" tests="2" failures="0" timestamp="03 Mar 2020 04:35:33 GMT" time="186.948" errors="0">
  <testcase name="loggedInUserCheckout" time="186.948" classname="com.sultan.qa.testcases.SmokeTest"/>
  <testcase name="guestUserCheckout" classname="com.sultan.qa.testcases.SmokeTest">
    <skipped/>
  </testcase> <!-- guestUserCheckout -->
</testsuite> <!-- com.sultan.qa.testcases.SmokeTest -->
