<?xml version="1.0" encoding="UTF-8"?>
<!-- Generated by org.testng.reporters.JUnitReportReporter -->
<testsuite skipped="6" hostname="DESKTOP-307JQGJ" name="com.sultan.qa.testcases.LoginPageTest" tests="7" failures="0" timestamp="28 Dec 2023 12:15:33 GMT" time="23.561" errors="0">
  <testcase name="footerPresenceTest" time="23.561" classname="com.sultan.qa.testcases.LoginPageTest"/>
  <testcase name="loginTest" classname="com.sultan.qa.testcases.LoginPageTest">
    <skipped/>
  </testcase> <!-- loginTest -->
  <testcase name="SocialIconsCountTest" classname="com.sultan.qa.testcases.LoginPageTest">
    <skipped/>
  </testcase> <!-- SocialIconsCountTest -->
  <testcase name="fgtPwdLinkTest" classname="com.sultan.qa.testcases.LoginPageTest">
    <skipped/>
  </testcase> <!-- fgtPwdLinkTest -->
  <testcase name="footerLinksCountTest" classname="com.sultan.qa.testcases.LoginPageTest">
    <skipped/>
  </testcase> <!-- footerLinksCountTest -->
  <testcase name="loginPageTitleTest" classname="com.sultan.qa.testcases.LoginPageTest">
    <skipped/>
  </testcase> <!-- loginPageTitleTest -->
  <testcase name="sultanLogoImageTest" classname="com.sultan.qa.testcases.LoginPageTest">
    <skipped/>
  </testcase> <!-- sultanLogoImageTest -->
</testsuite> <!-- com.sultan.qa.testcases.LoginPageTest -->
