<?xml version="1.0" encoding="UTF-8"?>
<!-- Generated by org.testng.reporters.JUnitReportReporter -->
<testsuite skipped="1" hostname="DESKTOP-307JQGJ" name="com.sultan.qa.testcases.DeliveryPopUpTest" tests="2" failures="0" timestamp="28 Dec 2023 06:54:44 GMT" time="22.357" errors="0">
  <testcase name="selectStdArea" time="22.357" classname="com.sultan.qa.testcases.DeliveryPopUpTest"/>
  <testcase name="selectRushArea" classname="com.sultan.qa.testcases.DeliveryPopUpTest">
    <skipped/>
  </testcase> <!-- selectRushArea -->
</testsuite> <!-- com.sultan.qa.testcases.DeliveryPopUpTest -->
