<?xml version="1.0" encoding="UTF-8"?>
<!-- Generated by org.testng.reporters.JUnitReportReporter -->
<testsuite skipped="1" hostname="DESKTOP-307JQGJ" name="com.sultan.qa.testcases.SmokeTest" tests="2" failures="0" timestamp="27 Apr 2022 09:23:43 GMT" time="135.331" errors="0">
  <testcase name="loggedInUserCheckout" time="135.331" classname="com.sultan.qa.testcases.SmokeTest"/>
  <testcase name="guestUserCheckout" classname="com.sultan.qa.testcases.SmokeTest">
    <skipped/>
  </testcase> <!-- guestUserCheckout -->
</testsuite> <!-- com.sultan.qa.testcases.SmokeTest -->
