<?xml version="1.0" encoding="UTF-8"?>
<!-- Generated by org.testng.reporters.JUnitReportReporter -->
<testsuite hostname="rohan" name="com.sultan.qa.testcases.LoginPageTest" tests="1" failures="0" timestamp="19 Nov 2019 12:14:22 GMT" time="31.625" errors="0">
  <testcase name="fgtPwdLinkTest" time="31.625" classname="com.sultan.qa.testcases.LoginPageTest"/>
</testsuite> <!-- com.sultan.qa.testcases.LoginPageTest -->
