<?xml version="1.0" encoding="UTF-8"?>
<!-- Generated by org.testng.reporters.JUnitReportReporter -->
<testsuite hostname="rohan" name="com.sultan.qa.testcases.TimeslotPageTest" tests="1" failures="0" timestamp="24 Jan 2020 10:24:54 GMT" time="58.016" errors="0">
  <testcase name="selectTimeslotTest" time="58.016" classname="com.sultan.qa.testcases.TimeslotPageTest"/>
</testsuite> <!-- com.sultan.qa.testcases.TimeslotPageTest -->
