<?xml version="1.0" encoding="UTF-8"?>
<!-- Generated by org.testng.reporters.JUnitReportReporter -->
<testsuite hostname="rohan" name="com.sultan.qa.testcases.CartPageTest" tests="1" failures="0" timestamp="20 Nov 2019 06:46:42 GMT" time="38.952" errors="0">
  <testcase name="miniCartTest" time="38.952" classname="com.sultan.qa.testcases.CartPageTest"/>
</testsuite> <!-- com.sultan.qa.testcases.CartPageTest -->
