<?xml version="1.0" encoding="UTF-8"?>
<!-- Generated by org.testng.reporters.JUnitReportReporter -->
<testsuite skipped="6" hostname="rohan" name="com.sultan.qa.testcases.CartPageTest" tests="7" failures="0" timestamp="04 Mar 2020 12:47:42 GMT" time="61.096" errors="0">
  <testcase name="applyCouponTest" time="61.096" classname="com.sultan.qa.testcases.CartPageTest"/>
  <testcase name="addNoteTest" classname="com.sultan.qa.testcases.CartPageTest">
    <skipped/>
  </testcase> <!-- addNoteTest -->
  <testcase name="incQtyCart" classname="com.sultan.qa.testcases.CartPageTest">
    <skipped/>
  </testcase> <!-- incQtyCart -->
  <testcase name="removeItemTest" classname="com.sultan.qa.testcases.CartPageTest">
    <skipped/>
  </testcase> <!-- removeItemTest -->
  <testcase name="decQtyCart" classname="com.sultan.qa.testcases.CartPageTest">
    <skipped/>
  </testcase> <!-- decQtyCart -->
  <testcase name="emptyCartTest" classname="com.sultan.qa.testcases.CartPageTest">
    <skipped/>
  </testcase> <!-- emptyCartTest -->
  <testcase name="saveCartAsListTest" classname="com.sultan.qa.testcases.CartPageTest">
    <skipped/>
  </testcase> <!-- saveCartAsListTest -->
</testsuite> <!-- com.sultan.qa.testcases.CartPageTest -->
