<?xml version="1.0" encoding="UTF-8"?>
<!-- Generated by org.testng.reporters.JUnitReportReporter -->
<testsuite hostname="rohan" name="com.sultan.qa.testcases.MyAccountSectionTest" tests="1" failures="0" timestamp="12 Nov 2019 07:27:32 GMT" time="126.156" errors="0">
  <testcase name="editShoppingListTest" time="126.156" classname="com.sultan.qa.testcases.MyAccountSectionTest"/>
</testsuite> <!-- com.sultan.qa.testcases.MyAccountSectionTest -->
