<?xml version="1.0" encoding="UTF-8"?>
<!-- Generated by org.testng.reporters.JUnitReportReporter -->
<testsuite hostname="rohan" name="com.sultan.qa.testcases.SearchPageTest" tests="1" failures="0" timestamp="19 Nov 2019 12:54:05 GMT" time="44.636" errors="0">
  <testcase name="searchTest" time="44.636" classname="com.sultan.qa.testcases.SearchPageTest"/>
</testsuite> <!-- com.sultan.qa.testcases.SearchPageTest -->
