<?xml version="1.0" encoding="UTF-8"?>
<!-- Generated by org.testng.reporters.JUnitReportReporter -->
<testsuite skipped="0" hostname="rohan" name="com.sultan.qa.testcases.RegisterationTest" tests="1" failures="0" timestamp="12 Mar 2020 06:31:02 GMT" time="38.208" errors="0">
  <testcase name="registerTest" time="38.208" classname="com.sultan.qa.testcases.RegisterationTest"/>
</testsuite> <!-- com.sultan.qa.testcases.RegisterationTest -->
