<?xml version="1.0" encoding="UTF-8"?>
<!-- Generated by org.testng.reporters.JUnitReportReporter -->
<testsuite hostname="rohan" name="com.sultan.qa.testcases.HomePageTest" tests="1" failures="0" timestamp="14 Nov 2019 05:49:31 GMT" time="105.544" errors="0">
  <testcase name="addToCartTest" time="105.544" classname="com.sultan.qa.testcases.HomePageTest"/>
</testsuite> <!-- com.sultan.qa.testcases.HomePageTest -->
