<?xml version="1.0" encoding="UTF-8"?>
<!-- Generated by org.testng.reporters.JUnitReportReporter -->
<testsuite skipped="0" hostname="DESKTOP-307JQGJ" name="com.sultan.qa.testcases.FooterPageTest" tests="1" failures="0" timestamp="28 Dec 2023 12:55:47 GMT" time="18.882" errors="0">
  <testcase name="checkFooterElements" time="18.882" classname="com.sultan.qa.testcases.FooterPageTest"/>
</testsuite> <!-- com.sultan.qa.testcases.FooterPageTest -->
